0 info it worked if it ends with ok
1 verbose cli [ '/usr/local/bin/node', '/usr/local/bin/npm', 'publish' ]
2 info using npm@3.10.10
3 info using node@v6.11.0
4 verbose publish [ '.' ]
5 silly cache add args [ '.', null ]
6 verbose cache add spec .
7 silly cache add parsed spec Result {
7 silly cache add   raw: '.',
7 silly cache add   scope: null,
7 silly cache add   escapedName: null,
7 silly cache add   name: null,
7 silly cache add   rawSpec: '.',
7 silly cache add   spec: '/Users/feixie/Documents/workplace/project/sandbox/generator-rudder',
7 silly cache add   type: 'directory' }
8 verbose addLocalDirectory /Users/feixie/.npm/generator-rudder/1.0.3/package.tgz not in flight; packing
9 verbose correctMkdir /Users/feixie/.npm correctMkdir not in flight; initializing
10 info lifecycle generator-rudder@1.0.3~prepublish: generator-rudder@1.0.3
11 silly lifecycle generator-rudder@1.0.3~prepublish: no script for prepublish, continuing
12 verbose tar pack [ '/Users/feixie/.npm/generator-rudder/1.0.3/package.tgz',
12 verbose tar pack   '/Users/feixie/Documents/workplace/project/sandbox/generator-rudder' ]
13 verbose tarball /Users/feixie/.npm/generator-rudder/1.0.3/package.tgz
14 verbose folder /Users/feixie/Documents/workplace/project/sandbox/generator-rudder
15 verbose addLocalTarball adding from inside cache /Users/feixie/.npm/generator-rudder/1.0.3/package.tgz
16 verbose correctMkdir /Users/feixie/.npm correctMkdir not in flight; initializing
17 silly cache afterAdd generator-rudder@1.0.3
18 verbose afterAdd /Users/feixie/.npm/generator-rudder/1.0.3/package/package.json not in flight; writing
19 verbose correctMkdir /Users/feixie/.npm correctMkdir not in flight; initializing
20 verbose afterAdd /Users/feixie/.npm/generator-rudder/1.0.3/package/package.json written
21 silly publish { name: 'generator-rudder',
21 silly publish   version: '1.0.3',
21 silly publish   description: 'A rudder generator for Yeoman',
21 silly publish   main: 'app/index.js',
21 silly publish   scripts: { test: 'echo "Error: no test specified" && exit 1' },
21 silly publish   repository:
21 silly publish    { type: 'git',
21 silly publish      url: 'git+https://github.com/jerryniepan/generator-rudder.git' },
21 silly publish   keywords: [ 'yeoman-generator', 'rudder', 'generator-rudder' ],
21 silly publish   author:
21 silly publish    { name: 'jerryniepan',
21 silly publish      email: 'xf_cf@126.com',
21 silly publish      url: 'https://github.com/jerryniepan' },
21 silly publish   license: 'MIT',
21 silly publish   dependencies: { 'yeoman-generator': '^1.1.1', yosay: '^2.0.0' },
21 silly publish   devDependencies: { lodash: '^4.17.4' },
21 silly publish   readme: '## generator-rudder',
21 silly publish   readmeFilename: 'README.md',
21 silly publish   gitHead: 'a68019593901241cc00c7cefe2c3af824a4fdcc3',
21 silly publish   bugs: { url: 'https://github.com/jerryniepan/generator-rudder/issues' },
21 silly publish   homepage: 'https://github.com/jerryniepan/generator-rudder#readme',
21 silly publish   _id: 'generator-rudder@1.0.3',
21 silly publish   _shasum: '74ccdc7fcf3325101b60521e6560fb4c52f0e204',
21 silly publish   _from: '.' }
22 verbose getPublishConfig undefined
23 silly mapToRegistry name generator-rudder
24 silly mapToRegistry using default registry
25 silly mapToRegistry registry https://registry.npmjs.org/
26 silly mapToRegistry data Result {
26 silly mapToRegistry   raw: 'generator-rudder',
26 silly mapToRegistry   scope: null,
26 silly mapToRegistry   escapedName: 'generator-rudder',
26 silly mapToRegistry   name: 'generator-rudder',
26 silly mapToRegistry   rawSpec: '',
26 silly mapToRegistry   spec: 'latest',
26 silly mapToRegistry   type: 'tag' }
27 silly mapToRegistry uri https://registry.npmjs.org/generator-rudder
28 verbose publish registryBase https://registry.npmjs.org/
29 silly publish uploading /Users/feixie/.npm/generator-rudder/1.0.3/package.tgz
30 verbose request uri https://registry.npmjs.org/generator-rudder
31 verbose request sending authorization for write operation
32 info attempt registry request try #1 at 10:43:32
33 verbose request using bearer token for auth
34 verbose request id 84494673a54ca40d
35 http request PUT https://registry.npmjs.org/generator-rudder
36 http 403 https://registry.npmjs.org/generator-rudder
37 verbose headers { 'content-type': 'application/json',
37 verbose headers   'cache-control': 'max-age=300',
37 verbose headers   'content-length': '95',
37 verbose headers   'accept-ranges': 'bytes',
37 verbose headers   date: 'Thu, 29 Jun 2017 02:43:33 GMT',
37 verbose headers   via: '1.1 varnish',
37 verbose headers   connection: 'keep-alive',
37 verbose headers   'x-served-by': 'cache-nrt6120-NRT',
37 verbose headers   'x-cache': 'MISS',
37 verbose headers   'x-cache-hits': '0',
37 verbose headers   'x-timer': 'S1498704213.176450,VS0,VE690',
37 verbose headers   vary: 'Accept-Encoding' }
38 verbose request invalidating /Users/feixie/.npm/registry.npmjs.org/generator-rudder on PUT
39 error publish Failed PUT 403
40 verbose stack Error: "You cannot publish over the previously published version 1.0.3." : generator-rudder
40 verbose stack     at makeError (/usr/local/lib/node_modules/npm/node_modules/npm-registry-client/lib/request.js:302:12)
40 verbose stack     at CachingRegistryClient.<anonymous> (/usr/local/lib/node_modules/npm/node_modules/npm-registry-client/lib/request.js:290:14)
40 verbose stack     at Request._callback (/usr/local/lib/node_modules/npm/node_modules/npm-registry-client/lib/request.js:210:14)
40 verbose stack     at Request.self.callback (/usr/local/lib/node_modules/npm/node_modules/request/request.js:187:22)
40 verbose stack     at emitTwo (events.js:106:13)
40 verbose stack     at Request.emit (events.js:191:7)
40 verbose stack     at Request.<anonymous> (/usr/local/lib/node_modules/npm/node_modules/request/request.js:1048:10)
40 verbose stack     at emitOne (events.js:96:13)
40 verbose stack     at Request.emit (events.js:188:7)
40 verbose stack     at IncomingMessage.<anonymous> (/usr/local/lib/node_modules/npm/node_modules/request/request.js:969:12)
41 verbose statusCode 403
42 verbose pkgid generator-rudder
43 verbose cwd /Users/feixie/Documents/workplace/project/sandbox/generator-rudder
44 error Darwin 15.6.0
45 error argv "/usr/local/bin/node" "/usr/local/bin/npm" "publish"
46 error node v6.11.0
47 error npm  v3.10.10
48 error code E403
49 error "You cannot publish over the previously published version 1.0.3." : generator-rudder
50 error If you need help, you may report this error at:
50 error     <https://github.com/npm/npm/issues>
51 verbose exit [ 1, true ]
